生成启动时间为 2015/6/26 12:14:59。
     1>项目“E:\计算机网络\wangluoluyouqi\wangluoluyouqi\wangluoluyouqi.vcxproj”在节点 2 上(Build 个目标)。
     1>ClCompile:
         D:\VisualStudio2013\VC\bin\CL.exe /c /ZI /nologo /W3 /WX- /Od /Oy- /D WIN32 /D _DEBUG /D _WINDOWS /D WPCAP /D _VC80_UPGRADE=0x0600 /D _MBCS /D _AFXDLL /Gm /EHsc /RTC1 /MDd /GS /Gy- /fp:precise /Zc:wchar_t /Zc:forScope /Yc"stdafx.h" /Fp".\Debug\wangluoluyouqi.pch" /Fo".\Debug\\" /Fd".\Debug\vc120.pdb" /Gd /TP /analyze- /errorReport:prompt StdAfx.cpp
         StdAfx.cpp
     1>d:\visualstudio2013\vc\atlmfc\include\afx.h(38): warning C4996: 'MBCS_Support_Deprecated_In_MFC': MBCS support in MFC is deprecated and may be removed in a future version of MFC.
                 d:\visualstudio2013\vc\atlmfc\include\afx.h(33) : 参见“MBCS_Support_Deprecated_In_MFC”的声明
         _WIN32_WINNT not defined. Defaulting to _WIN32_WINNT_MAXVER (see WinSDKVer.h)
         D:\VisualStudio2013\VC\bin\CL.exe /c /ZI /nologo /W3 /WX- /Od /Oy- /D WIN32 /D _DEBUG /D _WINDOWS /D WPCAP /D _VC80_UPGRADE=0x0600 /D _MBCS /D _AFXDLL /Gm /EHsc /RTC1 /MDd /GS /Gy- /fp:precise /Zc:wchar_t /Zc:forScope /Yu"stdafx.h" /Fp".\Debug\wangluoluyouqi.pch" /Fo".\Debug\\" /Fd".\Debug\vc120.pdb" /Gd /TP /analyze- /errorReport:prompt wangluoluyouqi.cpp wangluoluyouqiDlg.cpp
         wangluoluyouqiDlg.cpp
     1>e:\计算机网络\wangluoluyouqi\wangluoluyouqi\wangluoluyouqidlg.cpp(325): warning C4996: 'sprintf': This function or variable may be unsafe. Consider using sprintf_s instead. To disable deprecation, use _CRT_SECURE_NO_WARNINGS. See online help for details.
                 d:\visualstudio2013\vc\include\stdio.h(356) : 参见“sprintf”的声明
     1>e:\计算机网络\wangluoluyouqi\wangluoluyouqi\wangluoluyouqidlg.cpp(382): warning C4996: 'sprintf': This function or variable may be unsafe. Consider using sprintf_s instead. To disable deprecation, use _CRT_SECURE_NO_WARNINGS. See online help for details.
                 d:\visualstudio2013\vc\include\stdio.h(356) : 参见“sprintf”的声明
     1>e:\计算机网络\wangluoluyouqi\wangluoluyouqi\wangluoluyouqidlg.cpp(493): warning C4996: 'sprintf': This function or variable may be unsafe. Consider using sprintf_s instead. To disable deprecation, use _CRT_SECURE_NO_WARNINGS. See online help for details.
                 d:\visualstudio2013\vc\include\stdio.h(356) : 参见“sprintf”的声明
     1>e:\计算机网络\wangluoluyouqi\wangluoluyouqi\wangluoluyouqidlg.cpp(600): warning C4996: 'strncat': This function or variable may be unsafe. Consider using strncat_s instead. To disable deprecation, use _CRT_SECURE_NO_WARNINGS. See online help for details.
                 d:\visualstudio2013\vc\include\string.h(186) : 参见“strncat”的声明
     1>e:\计算机网络\wangluoluyouqi\wangluoluyouqi\wangluoluyouqidlg.cpp(604): warning C4996: 'strncat': This function or variable may be unsafe. Consider using strncat_s instead. To disable deprecation, use _CRT_SECURE_NO_WARNINGS. See online help for details.
                 d:\visualstudio2013\vc\include\string.h(186) : 参见“strncat”的声明
     1>e:\计算机网络\wangluoluyouqi\wangluoluyouqi\wangluoluyouqidlg.cpp(608): warning C4996: 'strncat': This function or variable may be unsafe. Consider using strncat_s instead. To disable deprecation, use _CRT_SECURE_NO_WARNINGS. See online help for details.
                 d:\visualstudio2013\vc\include\string.h(186) : 参见“strncat”的声明
     1>e:\计算机网络\wangluoluyouqi\wangluoluyouqi\wangluoluyouqidlg.cpp(730): warning C4996: 'sprintf': This function or variable may be unsafe. Consider using sprintf_s instead. To disable deprecation, use _CRT_SECURE_NO_WARNINGS. See online help for details.
                 d:\visualstudio2013\vc\include\stdio.h(356) : 参见“sprintf”的声明
     1>e:\计算机网络\wangluoluyouqi\wangluoluyouqi\wangluoluyouqidlg.cpp(741): warning C4996: 'sprintf': This function or variable may be unsafe. Consider using sprintf_s instead. To disable deprecation, use _CRT_SECURE_NO_WARNINGS. See online help for details.
                 d:\visualstudio2013\vc\include\stdio.h(356) : 参见“sprintf”的声明
         wangluoluyouqi.cpp
     1>e:\计算机网络\wangluoluyouqi\wangluoluyouqi\wangluoluyouqi.cpp(52): warning C4996: 'CWinApp::Enable3dControls': CWinApp::Enable3dControls is no longer needed. You should remove this call.
                 d:\visualstudio2013\vc\atlmfc\include\afxwin.h(5178) : 参见“CWinApp::Enable3dControls”的声明
         正在生成代码...
       ResourceCompile:
         C:\Program Files (x86)\Windows Kits\8.1\bin\x86\rc.exe /D _DEBUG /D _VC80_UPGRADE=0x0600 /D _AFXDLL /l"0x0804" /nologo /fo".\Debug\wangluoluyouqi.res" wangluoluyouqi.rc 
       Link:
         D:\VisualStudio2013\VC\bin\link.exe /ERRORREPORT:PROMPT /OUT:".\Debug\wangluoluyouqi.exe" /INCREMENTAL /NOLOGO wpcap.lib Packet.lib /MANIFEST /MANIFESTUAC:"level='requireAdministrator' uiAccess='false'" /manifest:embed /manifestinput:D:\VisualStudio2013\VC\Include\Manifest\dpiaware.manifest /DEBUG /PDB:".\Debug\wangluoluyouqi.pdb" /SUBSYSTEM:WINDOWS /TLBID:1 /DYNAMICBASE /NXCOMPAT /IMPLIB:".\Debug\wangluoluyouqi.lib" /MACHINE:X86 /SAFESEH .\Debug\wangluoluyouqi.res
         .\Debug\StdAfx.obj
         .\Debug\wangluoluyouqi.obj
         .\Debug\wangluoluyouqiDlg.obj
     1>LINK : warning LNK4076: 增量状态文件“.\Debug\wangluoluyouqi.ilk”无效(将删除)；正以非增量方式链接
     1>StdAfx.obj : warning LNK4075: 忽略“/EDITANDCONTINUE”(由于“/OPT:LBR”规范)
         wangluoluyouqi.vcxproj -> E:\计算机网络\wangluoluyouqi\wangluoluyouqi\.\Debug\wangluoluyouqi.exe
     1>已完成生成项目“E:\计算机网络\wangluoluyouqi\wangluoluyouqi\wangluoluyouqi.vcxproj”(Build 个目标)的操作。

生成成功。

已用时间 00:01:23.57
